Using pre-set license
Built from '2021.3/staging' branch; Version is '2021.3.8f1 (b30333d56e81) revision 11731763'; Using compiler version '192829333'; Build Type 'Release'
OS: 'Windows 10  (10.0.18363) 64bit Professional' Language: 'en' Physical Memory: 8106 MB
BatchMode: 1, IsHumanControllingUs: 0, StartBugReporterOnCrash: 0, Is64bit: 1, IsPro: 1

COMMAND LINE ARGUMENTS:
C:\Program Files\Unity\Hub\Editor\2021.3.8f1\Editor\Unity.exe
-adb2
-batchMode
-noUpm
-name
AssetImportWorker0
-projectPath
D:/Work/Completed Projects/Jorge/Unity-WebGL/Bintec City
-logFile
Logs/AssetImportWorker0.log
-srvPort
64674
Successfully changed project path to: D:/Work/Completed Projects/Jorge/Unity-WebGL/Bintec City
D:/Work/Completed Projects/Jorge/Unity-WebGL/Bintec City
[UnityMemory] Configuration Parameters - Can be set up in boot.config
    "memorysetup-bucket-allocator-granularity=16"
    "memorysetup-bucket-allocator-bucket-count=8"
    "memorysetup-bucket-allocator-block-size=33554432"
    "memorysetup-bucket-allocator-block-count=8"
    "memorysetup-main-allocator-block-size=16777216"
    "memorysetup-thread-allocator-block-size=16777216"
    "memorysetup-gfx-main-allocator-block-size=16777216"
    "memorysetup-gfx-thread-allocator-block-size=16777216"
    "memorysetup-cache-allocator-block-size=4194304"
    "memorysetup-typetree-allocator-block-size=2097152"
    "memorysetup-profiler-bucket-allocator-granularity=16"
    "memorysetup-profiler-bucket-allocator-bucket-count=8"
    "memorysetup-profiler-bucket-allocator-block-size=33554432"
    "memorysetup-profiler-bucket-allocator-block-count=8"
    "memorysetup-profiler-allocator-block-size=16777216"
    "memorysetup-profiler-editor-allocator-block-size=1048576"
    "memorysetup-temp-allocator-size-main=16777216"
    "memorysetup-job-temp-allocator-block-size=2097152"
    "memorysetup-job-temp-allocator-block-size-background=1048576"
    "memorysetup-job-temp-allocator-reduction-small-platforms=262144"
    "memorysetup-temp-allocator-size-background-worker=32768"
    "memorysetup-temp-allocator-size-job-worker=262144"
    "memorysetup-temp-allocator-size-preload-manager=33554432"
    "memorysetup-temp-allocator-size-nav-mesh-worker=65536"
    "memorysetup-temp-allocator-size-audio-worker=65536"
    "memorysetup-temp-allocator-size-cloud-worker=32768"
    "memorysetup-temp-allocator-size-gi-baking-worker=262144"
    "memorysetup-temp-allocator-size-gfx=262144"
Refreshing native plugins compatible for Editor in 249.05 ms, found 3 plugins.
Preloading 0 native plugins for Editor in 0.00 ms.
Initialize engine version: 2021.3.8f1 (b30333d56e81)
[Subsystems] Discovering subsystems at path C:/Program Files/Unity/Hub/Editor/2021.3.8f1/Editor/Data/Resources/UnitySubsystems
[Subsystems] Discovering subsystems at path D:/Work/Completed Projects/Jorge/Unity-WebGL/Bintec City/Assets
GfxDevice: creating device client; threaded=0; jobified=0
Direct3D:
    Version:  Direct3D 11.0 [level 11.0]
    Renderer: NVIDIA GeForce 820M (ID=0x1140)
    Vendor:   NVIDIA
    VRAM:     2000 MB
    Driver:   23.21.13.8873
Initialize mono
Mono path[0] = 'C:/Program Files/Unity/Hub/Editor/2021.3.8f1/Editor/Data/Managed'
Mono path[1] = 'C:/Program Files/Unity/Hub/Editor/2021.3.8f1/Editor/Data/MonoBleedingEdge/lib/mono/unityjit-win32'
Mono config path = 'C:/Program Files/Unity/Hub/Editor/2021.3.8f1/Editor/Data/MonoBleedingEdge/etc'
Using monoOptions --debugger-agent=transport=dt_socket,embedding=1,server=y,suspend=n,address=127.0.0.1:56860
Begin MonoManager ReloadAssembly
Registering precompiled unity dll's ...
Register platform support module: C:/Program Files/Unity/Hub/Editor/2021.3.8f1/Editor/Data/PlaybackEngines/WebGLSupport/UnityEditor.WebGL.Extensions.dll
Register platform support module: C:/Program Files/Unity/Hub/Editor/2021.3.8f1/Editor/Data/PlaybackEngines/AndroidPlayer/UnityEditor.Android.Extensions.dll
Register platform support module: C:/Program Files/Unity/Hub/Editor/2021.3.8f1/Editor/Data/PlaybackEngines/WindowsStandaloneSupport/UnityEditor.WindowsStandalone.Extensions.dll
Registered in 0.019481 seconds.
Native extension for WindowsStandalone target not found
Native extension for Android target not found
Native extension for WebGL target not found
Refreshing native plugins compatible for Editor in 261.14 ms, found 3 plugins.
Preloading 0 native plugins for Editor in 0.00 ms.
Mono: successfully reloaded assembly
- Completed reload, in  1.451 seconds
Domain Reload Profiling:
	ReloadAssembly (1452ms)
		BeginReloadAssembly (156ms)
			ExecutionOrderSort (0ms)
			DisableScriptedObjects (0ms)
			BackupInstance (0ms)
			ReleaseScriptingObjects (0ms)
			CreateAndSetChildDomain (1ms)
		EndReloadAssembly (1063ms)
			LoadAssemblies (153ms)
			RebuildTransferFunctionScriptingTraits (0ms)
			SetupTypeCache (216ms)
			ReleaseScriptCaches (0ms)
			RebuildScriptCaches (49ms)
			SetupLoadedEditorAssemblies (699ms)
				LogAssemblyErrors (0ms)
				InitializePlatformSupportModulesInManaged (134ms)
				SetLoadedEditorAssemblies (0ms)
				RefreshPlugins (263ms)
				BeforeProcessingInitializeOnLoad (6ms)
				ProcessInitializeOnLoadAttributes (215ms)
				ProcessInitializeOnLoadMethodAttributes (79ms)
				AfterProcessingInitializeOnLoad (0ms)
				EditorAssembliesLoaded (0ms)
			ExecutionOrderSort2 (0ms)
			AwakeInstancesAfterBackupRestoration (0ms)
Platform modules already initialized, skipping
Registering precompiled user dll's ...
Registered in 0.012665 seconds.
Begin MonoManager ReloadAssembly
Symbol file LoadedFromMemory doesn't match image D:\Work\Completed Projects\Jorge\Unity-WebGL\Bintec City\Library\PackageCache\com.unity.visualscripting@1.7.8\Editor\VisualScripting.Core\Dependencies\YamlDotNet\Unity.VisualScripting.YamlDotNet.dll
Symbol file LoadedFromMemory doesn't match image D:\Work\Completed Projects\Jorge\Unity-WebGL\Bintec City\Library\PackageCache\com.unity.visualscripting@1.7.8\Editor\VisualScripting.Core\Dependencies\DotNetZip\Unity.VisualScripting.IonicZip.dll
Native extension for WindowsStandalone target not found
Native extension for Android target not found
Native extension for WebGL target not found
Refreshing native plugins compatible for Editor in 312.56 ms, found 3 plugins.
Preloading 0 native plugins for Editor in 0.00 ms.
Mono: successfully reloaded assembly
- Completed reload, in  3.203 seconds
Domain Reload Profiling:
	ReloadAssembly (3204ms)
		BeginReloadAssembly (328ms)
			ExecutionOrderSort (0ms)
			DisableScriptedObjects (14ms)
			BackupInstance (0ms)
			ReleaseScriptingObjects (0ms)
			CreateAndSetChildDomain (136ms)
		EndReloadAssembly (2653ms)
			LoadAssemblies (188ms)
			RebuildTransferFunctionScriptingTraits (0ms)
			SetupTypeCache (671ms)
			ReleaseScriptCaches (2ms)
			RebuildScriptCaches (147ms)
			SetupLoadedEditorAssemblies (1419ms)
				LogAssemblyErrors (0ms)
				InitializePlatformSupportModulesInManaged (41ms)
				SetLoadedEditorAssemblies (0ms)
				RefreshPlugins (313ms)
				BeforeProcessingInitializeOnLoad (218ms)
				ProcessInitializeOnLoadAttributes (663ms)
				ProcessInitializeOnLoadMethodAttributes (166ms)
				AfterProcessingInitializeOnLoad (17ms)
				EditorAssembliesLoaded (0ms)
			ExecutionOrderSort2 (0ms)
			AwakeInstancesAfterBackupRestoration (9ms)
Platform modules already initialized, skipping
========================================================================
Worker process is ready to serve import requests
Launched and connected shader compiler UnityShaderCompiler.exe after 0.26 seconds
Refreshing native plugins compatible for Editor in 1.99 ms, found 3 plugins.
Preloading 0 native plugins for Editor in 0.00 ms.
Unloading 5668 Unused Serialized files (Serialized files now loaded: 0)
Unloading 53 unused Assets / (490.4 KB). Loaded Objects now: 6118.
Memory consumption went from 220.8 MB to 220.3 MB.
Total: 8.110400 ms (FindLiveObjects: 0.813100 ms CreateObjectMapping: 0.660200 ms MarkObjects: 6.096600 ms  DeleteObjects: 0.538700 ms)

AssetImportParameters requested are different than current active one (requested -> active):
  custom:video-decoder-ogg-theora: a1e56fd34408186e4bbccfd4996cb3dc -> 
  custom:container-muxer-webm: aa71ff27fc2769a1b78a27578f13a17b -> 
  custom:container-demuxer-webm: 4f35f7cbe854078d1ac9338744f61a02 -> 
  custom:video-encoder-webm-vp8: eb34c28f22e8b96e1ab97ce403110664 -> 
  custom:audio-encoder-webm-vorbis: bf7c407c2cedff20999df2af8eb42d56 -> 
  custom:framework-win-MediaFoundation: 216162199b28c13a410421893ffa2e32 -> 
  custom:container-demuxer-ogg: 62fdf1f143b41e24485cea50d1cbac27 -> 
  custom:video-decoder-webm-vp8: 9c59270c3fd7afecdb556c50c9e8de78 -> 
  custom:audio-decoder-ogg-vorbis: bf7c407c2cedff20999df2af8eb42d56 -> 
========================================================================
Received Import Request.
  Time since last request: 212451.895898 seconds.
  path: Assets/Fonts/CIBFontSans-Bold.otf
  artifactKey: Guid(be87a0412df46b941a51a337dbd0a044) Importer(815301076,1909f56bfc062723c751e8b465ee728b)
Start importing Assets/Fonts/CIBFontSans-Bold.otf using Guid(be87a0412df46b941a51a337dbd0a044) Importer(815301076,1909f56bfc062723c751e8b465ee728b)  -> (artifact id: '287d74531713ab7562934257f5034e58') in 1.329352 seconds 
========================================================================
Received Import Request.
  Time since last request: 0.000063 seconds.
  path: Assets/Images/GANASTE.jpg
  artifactKey: Guid(bc2feb0d69d3a7e40b2ff39adc76fef4) Importer(815301076,1909f56bfc062723c751e8b465ee728b)
Start importing Assets/Images/GANASTE.jpg using Guid(bc2feb0d69d3a7e40b2ff39adc76fef4) Importer(815301076,1909f56bfc062723c751e8b465ee728b)  -> (artifact id: '60ab9c28ad5fddbc9705df06948f7ab4') in 0.573321 seconds 
========================================================================
Received Import Request.
  Time since last request: 0.000108 seconds.
  path: Assets/Materials/AtmColor.mat
  artifactKey: Guid(666e034ad287d244985509b4fcc8830f) Importer(815301076,1909f56bfc062723c751e8b465ee728b)
Start importing Assets/Materials/AtmColor.mat using Guid(666e034ad287d244985509b4fcc8830f) Importer(815301076,1909f56bfc062723c751e8b465ee728b)  -> (artifact id: '0bd2b0b9a8ce6769e8bb760b78fb40ae') in 0.197596 seconds 
========================================================================
Received Import Request.
  Time since last request: 0.000140 seconds.
  path: Assets/Images/logo-0003.png
  artifactKey: Guid(145be07a3df1b72488e54265a42e4f2b) Importer(815301076,1909f56bfc062723c751e8b465ee728b)
Start importing Assets/Images/logo-0003.png using Guid(145be07a3df1b72488e54265a42e4f2b) Importer(815301076,1909f56bfc062723c751e8b465ee728b)  -> (artifact id: '07689104bbb6a70ab462cb2a3530cd1c') in 0.105538 seconds 
========================================================================
Received Import Request.
  Time since last request: 0.000046 seconds.
  path: Assets/Images/logo-0010.png
  artifactKey: Guid(87a261f188784d141b4dcabce0b5b4d8) Importer(815301076,1909f56bfc062723c751e8b465ee728b)
Start importing Assets/Images/logo-0010.png using Guid(87a261f188784d141b4dcabce0b5b4d8) Importer(815301076,1909f56bfc062723c751e8b465ee728b)  -> (artifact id: '0bd2b92056e5cef049a4d7a71a022f09') in 0.080867 seconds 
========================================================================
Received Import Request.
  Time since last request: 0.000044 seconds.
  path: Assets/Materials/GroundColor.mat
  artifactKey: Guid(0800f11febfcbf643a9923e4c3e91fc4) Importer(815301076,1909f56bfc062723c751e8b465ee728b)
Start importing Assets/Materials/GroundColor.mat using Guid(0800f11febfcbf643a9923e4c3e91fc4) Importer(815301076,1909f56bfc062723c751e8b465ee728b)  -> (artifact id: 'c6c64c185e89c6f2e439d4f24e391dca') in 0.101857 seconds 
========================================================================
Received Import Request.
  Time since last request: 0.000061 seconds.
  path: Assets/Materials/BottomColor.mat
  artifactKey: Guid(eddfbd2404a11534ba8dc2321be82167) Importer(815301076,1909f56bfc062723c751e8b465ee728b)
Start importing Assets/Materials/BottomColor.mat using Guid(eddfbd2404a11534ba8dc2321be82167) Importer(815301076,1909f56bfc062723c751e8b465ee728b)  -> (artifact id: 'b48a81c3898b66be3132423dba45ace3') in 0.097319 seconds 
========================================================================
Received Import Request.
  Time since last request: 1.303422 seconds.
  path: Assets/Models/Avatars/F
  artifactKey: Guid(b9650029453e204419f5c2d1e9304704) Importer(815301076,1909f56bfc062723c751e8b465ee728b)
Start importing Assets/Models/Avatars/F using Guid(b9650029453e204419f5c2d1e9304704) Importer(815301076,1909f56bfc062723c751e8b465ee728b)  -> (artifact id: 'cd75fdf0cba6a7bf2ee5a750dc91435d') in 0.028957 seconds 
========================================================================
Received Import Request.
  Time since last request: 0.084111 seconds.
  path: Assets/Models/Avatars/F/rp_nathan_animated_003_walking.fbx
  artifactKey: Guid(b04c2753701e27f46916711f49ef8698) Importer(815301076,1909f56bfc062723c751e8b465ee728b)
Start importing Assets/Models/Avatars/F/rp_nathan_animated_003_walking.fbx using Guid(b04c2753701e27f46916711f49ef8698) Importer(815301076,1909f56bfc062723c751e8b465ee728b)  -> (artifact id: 'bcfa61b7dc070c68a6a514cf04ee4769') in 0.790867 seconds 
========================================================================
Received Import Request.
  Time since last request: 2.348677 seconds.
  path: Assets/Models/All_model/atm.fbx
  artifactKey: Guid(bc59dd45319539d4ea97c80fb8b674d3) Importer(815301076,1909f56bfc062723c751e8b465ee728b)
Start importing Assets/Models/All_model/atm.fbx using Guid(bc59dd45319539d4ea97c80fb8b674d3) Importer(815301076,1909f56bfc062723c751e8b465ee728b)  -> (artifact id: 'f7c4b16b470dbe0943d52ee53dd4d2af') in 5.500594 seconds 
========================================================================
Received Import Request.
  Time since last request: 0.000060 seconds.
  path: Assets/Models/All_model/city_wo_atms.fbx
  artifactKey: Guid(33d0f78c5d0ef6a43ae00efdac543f29) Importer(815301076,1909f56bfc062723c751e8b465ee728b)
Start importing Assets/Models/All_model/city_wo_atms.fbx using Guid(33d0f78c5d0ef6a43ae00efdac543f29) Importer(815301076,1909f56bfc062723c751e8b465ee728b)  -> (artifact id: '3a007b7c6f7f735695b293c58b443549') in 8.870048 seconds 
========================================================================
Received Import Request.
  Time since last request: 0.000053 seconds.
  path: Assets/Scripts/PlayerInputErrorWorkaround.cs
  artifactKey: Guid(4644ae1eea874a34184684eb045c396b) Importer(815301076,1909f56bfc062723c751e8b465ee728b)
Start importing Assets/Scripts/PlayerInputErrorWorkaround.cs using Guid(4644ae1eea874a34184684eb045c396b) Importer(815301076,1909f56bfc062723c751e8b465ee728b)  -> (artifact id: 'b490128c921b54d0518d83b2cfd5c867') in 0.226421 seconds 
========================================================================
Received Import Request.
  Time since last request: 0.000043 seconds.
  path: Assets/Scripts/CollectAtm.cs
  artifactKey: Guid(d8354009840bcb849b609ce2151591de) Importer(815301076,1909f56bfc062723c751e8b465ee728b)
Start importing Assets/Scripts/CollectAtm.cs using Guid(d8354009840bcb849b609ce2151591de) Importer(815301076,1909f56bfc062723c751e8b465ee728b)  -> (artifact id: '0e7420123c8a6495ae7abac03e46811c') in 0.165084 seconds 
========================================================================
Received Import Request.
  Time since last request: 40.176339 seconds.
  path: Assets/Scripts/GameUI.cs
  artifactKey: Guid(36429ca80c665e84dbdf1317e76bb418) Importer(815301076,1909f56bfc062723c751e8b465ee728b)
Start importing Assets/Scripts/GameUI.cs using Guid(36429ca80c665e84dbdf1317e76bb418) Importer(815301076,1909f56bfc062723c751e8b465ee728b)  -> (artifact id: 'd65f7a0fa865db5b21fb2d2efe44535f') in 0.132760 seconds 
========================================================================
Received Prepare
Registering precompiled user dll's ...
Registered in 0.014938 seconds.
Begin MonoManager ReloadAssembly
Symbol file LoadedFromMemory doesn't match image D:\Work\Completed Projects\Jorge\Unity-WebGL\Bintec City\Library\PackageCache\com.unity.visualscripting@1.7.8\Editor\VisualScripting.Core\Dependencies\YamlDotNet\Unity.VisualScripting.YamlDotNet.dll
Symbol file LoadedFromMemory doesn't match image D:\Work\Completed Projects\Jorge\Unity-WebGL\Bintec City\Library\PackageCache\com.unity.visualscripting@1.7.8\Editor\VisualScripting.Core\Dependencies\DotNetZip\Unity.VisualScripting.IonicZip.dll
